<?xml version="1.0" encoding="UTF-8"?>
<!-- Generated by org.testng.reporters.JUnitReportReporter -->
<testsuite hostname="INLN50946663A" name="com.wdabapsp.test.WDA_REN_UA_INFO" tests="1" failures="0" timestamp="20 Aug 2018 08:37:30 GMT" time="44.786" errors="0">
  <testcase name="WDA_WD_REN_UA_INFO" time="44.786" classname="com.wdabapsp.test.WDA_REN_UA_INFO"/>
</testsuite> <!-- com.wdabapsp.test.WDA_REN_UA_INFO -->
