<?xml version="1.0" encoding="UTF-8"?>
<!-- Generated by org.testng.reporters.JUnitReportReporter -->
<testsuite hostname="INLN50946663A" name="com.wdabapsp.test.WD_RUNTIME_RANGE_SUPPLY" tests="1" failures="0" timestamp="16 Nov 2018 09:30:16 GMT" time="18.296" errors="0">
  <testcase name="RUNTIME_RANGE_SUPPLY" time="18.296" classname="com.wdabapsp.test.WD_RUNTIME_RANGE_SUPPLY"/>
</testsuite> <!-- com.wdabapsp.test.WD_RUNTIME_RANGE_SUPPLY -->
