<?xml version="1.0" encoding="UTF-8"?>
<!-- Generated by org.testng.reporters.JUnitReportReporter -->
<testsuite hostname="INLN50946663A" name="com.wdabapsp.test.WD_ABA_RUNTIME_COMPONENT_USAGE" tests="1" failures="0" timestamp="16 Nov 2018 08:58:06 GMT" time="83.865" errors="0">
  <testcase name="WD_WD_ABA_RUNTIME_COMPONENT_USAGE" time="83.865" classname="com.wdabapsp.test.WD_ABA_RUNTIME_COMPONENT_USAGE"/>
</testsuite> <!-- com.wdabapsp.test.WD_ABA_RUNTIME_COMPONENT_USAGE -->
