<?xml version="1.0" encoding="UTF-8"?>
<!-- Generated by org.testng.reporters.JUnitReportReporter -->
<testsuite hostname="INLN50946663A" name="com.wdabapsp.test.WD_ABA_RT_VANISHING_ELEM_ADM" tests="1" failures="0" timestamp="16 Nov 2018 09:11:17 GMT" time="87.477" errors="0">
  <testcase name="WD_WD_ABA_RT_VANISHING_ELEM_ADM" time="87.477" classname="com.wdabapsp.test.WD_ABA_RT_VANISHING_ELEM_ADM"/>
</testsuite> <!-- com.wdabapsp.test.WD_ABA_RT_VANISHING_ELEM_ADM -->
