<?xml version="1.0" encoding="UTF-8"?>
<!-- Generated by org.testng.reporters.JUnitReportReporter -->
<testsuite hostname="INLN50946663A" name="com.wdabapsp.test.WDA_SHLP_DDIC_DDLB_FAVORITES" tests="1" failures="0" timestamp="20 Mar 2019 06:07:56 GMT" time="64.373" errors="0">
  <testcase name="WBDA_SHLP_DDIC_DDLB_FAVORITES" time="64.373" classname="com.wdabapsp.test.WDA_SHLP_DDIC_DDLB_FAVORITES"/>
</testsuite> <!-- com.wdabapsp.test.WDA_SHLP_DDIC_DDLB_FAVORITES -->
