<?xml version="1.0" encoding="UTF-8"?>
<!-- Generated by org.testng.reporters.JUnitReportReporter -->
<testsuite hostname="INLN50946663A" name="com.wdabapsp.test.WD_ABA_P13N_CEF_AUTO_NUM" tests="1" failures="0" timestamp="22 Aug 2018 09:49:34 GMT" time="76.408" errors="0">
  <testcase name="WD_WB_ABA_P13N_CEF_AUTO_NUM" time="76.408" classname="com.wdabapsp.test.WD_ABA_P13N_CEF_AUTO_NUM"/>
</testsuite> <!-- com.wdabapsp.test.WD_ABA_P13N_CEF_AUTO_NUM -->
