<?xml version="1.0" encoding="UTF-8"?>
<!-- Generated by org.testng.reporters.JUnitReportReporter -->
<testsuite hostname="INLN50946663A" name="com.wdabapsp.test.WD_ABA_P13N_CEF_VIS_CON" tests="1" failures="0" timestamp="20 Dec 2018 10:02:21 GMT" time="136.831" errors="0">
  <testcase name="WBD_ABA_P13N_CEF_VIS_CON" time="136.831" classname="com.wdabapsp.test.WD_ABA_P13N_CEF_VIS_CON"/>
</testsuite> <!-- com.wdabapsp.test.WD_ABA_P13N_CEF_VIS_CON -->
