<?xml version="1.0" encoding="UTF-8"?>
<!-- Generated by org.testng.reporters.JUnitReportReporter -->
<testsuite hostname="INLN50946663A" name="com.wdabapsp.test.WD_ABA_RT_PERS_CM_USER_1" tests="1" failures="0" timestamp="21 Mar 2019 05:23:46 GMT" time="59.381" errors="0">
  <testcase name="WD_WD_ABA_RT_PERS_CM_USER_1" time="59.381" classname="com.wdabapsp.test.WD_ABA_RT_PERS_CM_USER_1"/>
</testsuite> <!-- com.wdabapsp.test.WD_ABA_RT_PERS_CM_USER_1 -->
