<?xml version="1.0" encoding="UTF-8"?>
<!-- Generated by org.testng.reporters.JUnitReportReporter -->
<testsuite hostname="INLN50946663A" name="com.wdabapsp.test.WD_ABA_MULTIPANE" tests="1" failures="0" timestamp="27 Aug 2018 03:12:40 GMT" time="373.586" errors="0">
  <testcase name="WD_WD_ABA_MULTIPANE" time="373.586" classname="com.wdabapsp.test.WD_ABA_MULTIPANE"/>
</testsuite> <!-- com.wdabapsp.test.WD_ABA_MULTIPANE -->
