<?xml version="1.0" encoding="UTF-8"?>
<!-- Generated by org.testng.reporters.JUnitReportReporter -->
<testsuite hostname="INLN50946663A" name="com.wdabapsp.test.WD_ABA_LIFECYCLE_ACTIVE_COMP" tests="1" failures="0" timestamp="20 Mar 2019 09:01:46 GMT" time="78.280" errors="0">
  <testcase name="LIFECYCLE_ACTIVE_COMP" time="78.280" classname="com.wdabapsp.test.WD_ABA_LIFECYCLE_ACTIVE_COMP"/>
</testsuite> <!-- com.wdabapsp.test.WD_ABA_LIFECYCLE_ACTIVE_COMP -->
