<?xml version="1.0" encoding="UTF-8"?>
<!-- Generated by org.testng.reporters.JUnitReportReporter -->
<testsuite hostname="INLN50946663A" name="com.wdabapsp.test.WD_ABA_RT_CONTEXT_MENU" tests="1" failures="0" timestamp="5 Sep 2018 12:41:42 GMT" time="170.264" errors="0">
  <testcase name="WD_ABA_WD_RT_CONTEXT_MENU" time="170.264" classname="com.wdabapsp.test.WD_ABA_RT_CONTEXT_MENU"/>
</testsuite> <!-- com.wdabapsp.test.WD_ABA_RT_CONTEXT_MENU -->
