<?xml version="1.0" encoding="UTF-8"?>
<!-- Generated by org.testng.reporters.JUnitReportReporter -->
<testsuite hostname="INLN50946663A" name="com.wdabapsp.test.WD_ABA_P13N_CEF_VIS_CELL" tests="1" failures="0" timestamp="21 Aug 2018 06:39:18 GMT" time="112.428" errors="0">
  <testcase name="WD_ABA_WD_P13N_CEF_VIS_CELL" time="112.428" classname="com.wdabapsp.test.WD_ABA_P13N_CEF_VIS_CELL"/>
</testsuite> <!-- com.wdabapsp.test.WD_ABA_P13N_CEF_VIS_CELL -->
