<?xml version="1.0" encoding="UTF-8"?>
<!-- Generated by org.testng.reporters.JUnitReportReporter -->
<testsuite hostname="INLN50946663A" name="com.wdabapsp.test.WDA_FIELD_EXPLANATIONS" tests="1" failures="0" timestamp="24 Aug 2018 05:06:12 GMT" time="99.091" errors="0">
  <testcase name="WDA_WD_FIELD_EXPLANATIONS" time="99.091" classname="com.wdabapsp.test.WDA_FIELD_EXPLANATIONS"/>
</testsuite> <!-- com.wdabapsp.test.WDA_FIELD_EXPLANATIONS -->
