<?xml version="1.0" encoding="UTF-8"?>
<!-- Generated by org.testng.reporters.JUnitReportReporter -->
<testsuite hostname="INLN50946663A" name="com.wdabapsp.test.WD_ABA_P13N_CEF_TYPE_FIELD" tests="1" failures="0" timestamp="20 Mar 2019 05:10:26 GMT" time="50.095" errors="0">
  <testcase name="WBD_ABA_P13N_CEF_TYPE_FIELD" time="50.095" classname="com.wdabapsp.test.WD_ABA_P13N_CEF_TYPE_FIELD"/>
</testsuite> <!-- com.wdabapsp.test.WD_ABA_P13N_CEF_TYPE_FIELD -->
