<?xml version="1.0" encoding="UTF-8"?>
<!-- Generated by org.testng.reporters.JUnitReportReporter -->
<testsuite hostname="INLN50946663A" name="com.wdabapsp.test.WD_ABA_P13N_CEF_DETECT" tests="1" failures="0" timestamp="20 Dec 2018 09:28:29 GMT" time="83.949" errors="0">
  <testcase name="WBD_ABA_P13N_CEF_DETECT" time="83.949" classname="com.wdabapsp.test.WD_ABA_P13N_CEF_DETECT"/>
</testsuite> <!-- com.wdabapsp.test.WD_ABA_P13N_CEF_DETECT -->
