<?xml version="1.0" encoding="UTF-8"?>
<!-- Generated by org.testng.reporters.JUnitReportReporter -->
<testsuite hostname="INLN50946663A" name="com.wdabapsp.test.WD_ABA_P13N_CEF_BOOL_CELL" tests="1" failures="0" timestamp="8 Oct 2018 10:03:50 GMT" time="30.124" errors="0">
  <testcase name="WD_ABA_P13N_CEF_TYPE_CELL" time="30.124" classname="com.wdabapsp.test.WD_ABA_P13N_CEF_BOOL_CELL"/>
</testsuite> <!-- com.wdabapsp.test.WD_ABA_P13N_CEF_BOOL_CELL -->
