<?xml version="1.0" encoding="UTF-8"?>
<!-- Generated by org.testng.reporters.JUnitReportReporter -->
<testsuite hostname="INLN50946663A" name="com.wdabapsp.test.WDA_SELOPT_SCREEN_EXPLANATIONS" tests="1" failures="0" timestamp="20 Aug 2018 08:27:38 GMT" time="43.890" errors="0">
  <testcase name="WDA_SELOPT_WD_SCREEN_EXPLANATIONS" time="43.890" classname="com.wdabapsp.test.WDA_SELOPT_SCREEN_EXPLANATIONS"/>
</testsuite> <!-- com.wdabapsp.test.WDA_SELOPT_SCREEN_EXPLANATIONS -->
