<?xml version="1.0" encoding="UTF-8"?>
<!-- Generated by org.testng.reporters.JUnitReportReporter -->
<testsuite hostname="INLN50946663A" name="com.wdabapsp.test.WD_ABA_P13N_CEF_VIS_COL" tests="1" failures="0" timestamp="21 Aug 2018 08:49:21 GMT" time="81.547" errors="0">
  <testcase name="WD_WD_ABA_P13N_CEF_VIS_COL" time="81.547" classname="com.wdabapsp.test.WD_ABA_P13N_CEF_VIS_COL"/>
</testsuite> <!-- com.wdabapsp.test.WD_ABA_P13N_CEF_VIS_COL -->
