<?xml version="1.0" encoding="UTF-8"?>
<!-- Generated by org.testng.reporters.JUnitReportReporter -->
<testsuite hostname="INLN50946663A" name="com.wdabapsp.test.WD_ABA_P13N_CEF_AUTO_RB" tests="1" failures="0" timestamp="23 Aug 2018 10:01:49 GMT" time="70.732" errors="0">
  <testcase name="WD_WD_ABA_P13N_CEF_AUTO_RB" time="70.732" classname="com.wdabapsp.test.WD_ABA_P13N_CEF_AUTO_RB"/>
</testsuite> <!-- com.wdabapsp.test.WD_ABA_P13N_CEF_AUTO_RB -->
