<?xml version="1.0" encoding="UTF-8"?>
<!-- Generated by org.testng.reporters.JUnitReportReporter -->
<testsuite hostname="INLN50946663A" name="com.wdabapsp.test.WD_ABA_RT_PERS_ENDUSER_SIM_I_1" tests="1" failures="0" timestamp="25 Mar 2019 05:16:45 GMT" time="219.126" errors="0">
  <testcase name="WD_ABA_RT_PERS_ENDUSER_SIM_1" time="219.126" classname="com.wdabapsp.test.WD_ABA_RT_PERS_ENDUSER_SIM_I_1"/>
</testsuite> <!-- com.wdabapsp.test.WD_ABA_RT_PERS_ENDUSER_SIM_I_1 -->
