<?xml version="1.0" encoding="UTF-8"?>
<!-- Generated by org.testng.reporters.JUnitReportReporter -->
<testsuite hostname="INLN50946663A" name="com.wdabapsp.test.WDA_DECFLOAT_1" tests="1" failures="0" timestamp="20 Mar 2019 06:14:37 GMT" time="96.467" errors="0">
  <testcase name="DECFLOAT_1" time="96.467" classname="com.wdabapsp.test.WDA_DECFLOAT_1"/>
</testsuite> <!-- com.wdabapsp.test.WDA_DECFLOAT_1 -->
