<?xml version="1.0" encoding="UTF-8"?>
<!-- Generated by org.testng.reporters.JUnitReportReporter -->
<testsuite hostname="INLN50946663A" name="com.wdabapsp.test.WD_ABA_RT_SUS_PLUG_RESUMEURLID" tests="1" failures="0" timestamp="24 Aug 2018 10:50:53 GMT" time="29.752" errors="0">
  <testcase name="WD_ABA_TOGGLEBUTTON" time="29.752" classname="com.wdabapsp.test.WD_ABA_RT_SUS_PLUG_RESUMEURLID"/>
</testsuite> <!-- com.wdabapsp.test.WD_ABA_RT_SUS_PLUG_RESUMEURLID -->
