<?xml version="1.0" encoding="UTF-8"?>
<!-- Generated by org.testng.reporters.JUnitReportReporter -->
<testsuite hostname="INLN50946663A" name="com.wdabapsp.test.WD_ABA_RT_PERS_ENDUSER_SIM_1" tests="1" failures="0" timestamp="22 Mar 2019 09:42:21 GMT" time="105.776" errors="0">
  <testcase name="WD_WD_ABA_RT_PERS_ENDUSER_SIM_1" time="105.776" classname="com.wdabapsp.test.WD_ABA_RT_PERS_ENDUSER_SIM_1"/>
</testsuite> <!-- com.wdabapsp.test.WD_ABA_RT_PERS_ENDUSER_SIM_1 -->
