<?xml version="1.0" encoding="UTF-8"?>
<!-- Generated by org.testng.reporters.JUnitReportReporter -->
<testsuite hostname="INLN50946663A" name="com.wdabapsp.test.WD_ABA_COMPONENT_USAGE_GROUPS" tests="1" failures="0" timestamp="9 Oct 2018 10:51:08 GMT" time="819.911" errors="0">
  <testcase name="WD_ABA_EXT_CONTEXT_MAPPING" time="819.911" classname="com.wdabapsp.test.WD_ABA_COMPONENT_USAGE_GROUPS"/>
</testsuite> <!-- com.wdabapsp.test.WD_ABA_COMPONENT_USAGE_GROUPS -->
