<?xml version="1.0" encoding="UTF-8"?>
<!-- Generated by org.testng.reporters.JUnitReportReporter -->
<testsuite hostname="INLN50946663A" name="com.wdabapsp.test.WD_ABA_APPLICATION_DEF_VH" tests="1" failures="0" timestamp="21 Mar 2019 08:48:24 GMT" time="58.889" errors="0">
  <testcase name="WD_ABA_WD_APPLICATION_DEF_VH" time="58.889" classname="com.wdabapsp.test.WD_ABA_APPLICATION_DEF_VH"/>
</testsuite> <!-- com.wdabapsp.test.WD_ABA_APPLICATION_DEF_VH -->
