<?xml version="1.0" encoding="UTF-8"?>
<!-- Generated by org.testng.reporters.JUnitReportReporter -->
<testsuite hostname="INLN50946663A" name="com.wdabapsp.test.WD_ABA_RT_RESTRICTED_ADM" tests="1" failures="0" timestamp="16 Nov 2018 08:52:55 GMT" time="111.572" errors="0">
  <testcase name="WD_ABA_TOGGLEBUTTON" time="111.572" classname="com.wdabapsp.test.WD_ABA_RT_RESTRICTED_ADM"/>
</testsuite> <!-- com.wdabapsp.test.WD_ABA_RT_RESTRICTED_ADM -->
