<?xml version="1.0" encoding="UTF-8"?>
<!-- Generated by org.testng.reporters.JUnitReportReporter -->
<testsuite hostname="INLN50946663A" name="com.wdabapsp.test.SCI149994_CREATE_DEC_CAPTION" tests="1" failures="0" timestamp="16 Nov 2018 05:59:58 GMT" time="49.386" errors="0">
  <testcase name="SCI149994_WD_CREATE_DEC_CAPTION" time="49.386" classname="com.wdabapsp.test.SCI149994_CREATE_DEC_CAPTION"/>
</testsuite> <!-- com.wdabapsp.test.SCI149994_CREATE_DEC_CAPTION -->
