<?xml version="1.0" encoding="UTF-8"?>
<!-- Generated by org.testng.reporters.JUnitReportReporter -->
<testsuite hostname="INLN50946663A" name="com.wdabapsp.test.WD_ABA_P13N_CEF_AUTO_DD" tests="1" failures="0" timestamp="21 Aug 2018 09:43:24 GMT" time="74.932" errors="0">
  <testcase name="WD_WD_ABA_P13N_CEF_AUTO_DD" time="74.932" classname="com.wdabapsp.test.WD_ABA_P13N_CEF_AUTO_DD"/>
</testsuite> <!-- com.wdabapsp.test.WD_ABA_P13N_CEF_AUTO_DD -->
