<?xml version="1.0" encoding="UTF-8"?>
<!-- Generated by org.testng.reporters.JUnitReportReporter -->
<testsuite hostname="INLN50946663A" name="com.wdabapsp.test.WD_ABA_P13N_CEF_TYPE_CELL" tests="1" failures="0" timestamp="20 Aug 2018 12:34:57 GMT" time="42.758" errors="0">
  <testcase name="WD_ABA_WD_P13N_CEF_TYPE_CELL" time="42.758" classname="com.wdabapsp.test.WD_ABA_P13N_CEF_TYPE_CELL"/>
</testsuite> <!-- com.wdabapsp.test.WD_ABA_P13N_CEF_TYPE_CELL -->
