<?xml version="1.0" encoding="UTF-8"?>
<!-- Generated by org.testng.reporters.JUnitReportReporter -->
<testsuite hostname="INLN50946663A" name="com.wdabapsp.test.WD_ABA_OVS" tests="1" failures="0" timestamp="21 Mar 2019 07:06:28 GMT" time="286.453" errors="0">
  <testcase name="WD_WD_ABA_OVS" time="286.453" classname="com.wdabapsp.test.WD_ABA_OVS"/>
</testsuite> <!-- com.wdabapsp.test.WD_ABA_OVS -->
