<?xml version="1.0" encoding="UTF-8"?>
<!-- Generated by org.testng.reporters.JUnitReportReporter -->
<testsuite hostname="INLN50946663A" name="com.wdabapsp.test.WDA_SSR_CLIENT_DELTA_RENDERING" tests="1" failures="0" timestamp="25 Mar 2019 08:28:31 GMT" time="20.070" errors="0">
  <testcase name="SSR_CLIENT_DELTA_RENDERING" time="20.070" classname="com.wdabapsp.test.WDA_SSR_CLIENT_DELTA_RENDERING"/>
</testsuite> <!-- com.wdabapsp.test.WDA_SSR_CLIENT_DELTA_RENDERING -->
