<?xml version="1.0" encoding="UTF-8"?>
<!-- Generated by org.testng.reporters.JUnitReportReporter -->
<testsuite hostname="INLN50946663A" name="com.wdabapsp.test.WD_ABA_P13N_CEF_UNDO_CON" tests="1" failures="0" timestamp="20 Dec 2018 07:11:10 GMT" time="197.927" errors="0">
  <testcase name="WBD_ABA_P13N_CEF_UNDO_CON" time="197.927" classname="com.wdabapsp.test.WD_ABA_P13N_CEF_UNDO_CON"/>
</testsuite> <!-- com.wdabapsp.test.WD_ABA_P13N_CEF_UNDO_CON -->
