<?xml version="1.0" encoding="UTF-8"?>
<!-- Generated by org.testng.reporters.JUnitReportReporter -->
<testsuite hostname="INLN50946663A" name="com.wdabapsp.test.WD_ABA_P13N_CEF_AUTO_CB" tests="1" failures="0" timestamp="15 Nov 2018 11:19:00 GMT" time="438.989" errors="0">
  <testcase name="WD_WD_ABA_P13N_CEF_AUTO_CB" time="438.989" classname="com.wdabapsp.test.WD_ABA_P13N_CEF_AUTO_CB"/>
</testsuite> <!-- com.wdabapsp.test.WD_ABA_P13N_CEF_AUTO_CB -->
