<?xml version="1.0" encoding="UTF-8"?>
<!-- Generated by org.testng.reporters.JUnitReportReporter -->
<testsuite hostname="INLN50946663A" name="com.wdabapsp.test.WD_ABA_VIEWCONTUIELEMENT" tests="1" failures="0" timestamp="21 Mar 2019 04:00:55 GMT" time="122.533" errors="0">
  <testcase name="WD_WD_ABA_VIEWCONTUIELEMENT" time="122.533" classname="com.wdabapsp.test.WD_ABA_VIEWCONTUIELEMENT"/>
</testsuite> <!-- com.wdabapsp.test.WD_ABA_VIEWCONTUIELEMENT -->
