<?xml version="1.0" encoding="UTF-8"?>
<!-- Generated by org.testng.reporters.JUnitReportReporter -->
<testsuite hostname="INLN50946663A" name="com.wdabapsp.test.WD_ABA_FLEX_CHANGE_DS" tests="1" failures="0" timestamp="19 Dec 2018 03:48:46 GMT" time="49.014" errors="0">
  <testcase name="WBD_ABA_FLEX_CHANGE_DS" time="49.014" classname="com.wdabapsp.test.WD_ABA_FLEX_CHANGE_DS"/>
</testsuite> <!-- com.wdabapsp.test.WD_ABA_FLEX_CHANGE_DS -->
