<?xml version="1.0" encoding="UTF-8"?>
<!-- Generated by org.testng.reporters.JUnitReportReporter -->
<testsuite hostname="INLN50946663A" name="com.wdabapsp.test.WD_ABA_P13N_CEF_AUTO_IF" tests="1" failures="0" timestamp="22 Aug 2018 09:05:12 GMT" time="76.871" errors="0">
  <testcase name="WD_WD_ABA_P13N_CEF_AUTO_IF" time="76.871" classname="com.wdabapsp.test.WD_ABA_P13N_CEF_AUTO_IF"/>
</testsuite> <!-- com.wdabapsp.test.WD_ABA_P13N_CEF_AUTO_IF -->
