<?xml version="1.0" encoding="UTF-8"?>
<!-- Generated by org.testng.reporters.JUnitReportReporter -->
<testsuite hostname="INLN50946663A" name="com.wdabapsp.test.WD_ABA_NAVIGATION" tests="1" failures="0" timestamp="19 Dec 2018 08:47:41 GMT" time="104.652" errors="0">
  <testcase name="ABA_NAVIGATION" time="104.652" classname="com.wdabapsp.test.WD_ABA_NAVIGATION"/>
</testsuite> <!-- com.wdabapsp.test.WD_ABA_NAVIGATION -->
