<?xml version="1.0" encoding="UTF-8"?>
<!-- Generated by org.testng.reporters.JUnitReportReporter -->
<testsuite hostname="INLN50946663A" name="com.wdabapsp.test.WD_ABA_EXT_CONTEXT_MAPPING" tests="1" failures="0" timestamp="27 Aug 2018 03:18:15 GMT" time="42.903" errors="0">
  <testcase name="WD_ABA_WD_EXT_CONTEXT_MAPPING" time="42.903" classname="com.wdabapsp.test.WD_ABA_EXT_CONTEXT_MAPPING"/>
</testsuite> <!-- com.wdabapsp.test.WD_ABA_EXT_CONTEXT_MAPPING -->
