<?xml version="1.0" encoding="UTF-8"?>
<!-- Generated by org.testng.reporters.JUnitReportReporter -->
<testsuite hostname="INLN50946663A" name="com.wdabapsp.test.WDA_SELOPT_DISPLAYING_IN_POPUP" tests="1" failures="0" timestamp="20 Aug 2018 08:43:05 GMT" time="72.459" errors="0">
  <testcase name="WD_ABA_RADIOBUTTON" time="72.459" classname="com.wdabapsp.test.WDA_SELOPT_DISPLAYING_IN_POPUP"/>
</testsuite> <!-- com.wdabapsp.test.WDA_SELOPT_DISPLAYING_IN_POPUP -->
