<?xml version="1.0" encoding="UTF-8"?>
<!-- Generated by org.testng.reporters.JUnitReportReporter -->
<testsuite hostname="INLN50946663A" name="com.wdabapsp.test.WD_ABA_POPUPS" tests="1" failures="0" timestamp="16 Nov 2018 05:16:20 GMT" time="128.674" errors="0">
  <testcase name="WD_ABA_TOGGLEBUTTON" time="128.674" classname="com.wdabapsp.test.WD_ABA_POPUPS"/>
</testsuite> <!-- com.wdabapsp.test.WD_ABA_POPUPS -->
