<?xml version="1.0" encoding="UTF-8"?>
<!-- Generated by org.testng.reporters.JUnitReportReporter -->
<testsuite hostname="INLN50946663A" name="com.wdabapsp.test.WD_ABA_ERROR_EXPLANATION" tests="1" failures="0" timestamp="19 Mar 2019 10:54:15 GMT" time="548.388" errors="0">
  <testcase name="ABA_ERROR_EXPLANATION" time="548.388" classname="com.wdabapsp.test.WD_ABA_ERROR_EXPLANATION"/>
</testsuite> <!-- com.wdabapsp.test.WD_ABA_ERROR_EXPLANATION -->
