<?xml version="1.0" encoding="UTF-8"?>
<!-- Generated by org.testng.reporters.JUnitReportReporter -->
<testsuite hostname="INLN50946663A" name="com.wdabapsp.test.WDA_UIEL_REALIGN_1" tests="1" failures="0" timestamp="25 Mar 2019 07:01:42 GMT" time="96.719" errors="0">
  <testcase name="WDA_WD_UIEL_REALIGN_1" time="96.719" classname="com.wdabapsp.test.WDA_UIEL_REALIGN_1"/>
</testsuite> <!-- com.wdabapsp.test.WDA_UIEL_REALIGN_1 -->
