<?xml version="1.0" encoding="UTF-8"?>
<!-- Generated by org.testng.reporters.JUnitReportReporter -->
<testsuite hostname="INLN50946663A" name="com.wdabapsp.test.WD_ABA_P13N_CEF_UNDO_COL" tests="1" failures="0" timestamp="8 Oct 2018 11:16:27 GMT" time="89.089" errors="0">
  <testcase name="WD_ABA_WD_P13N_CEF_UNDO_COL" time="89.089" classname="com.wdabapsp.test.WD_ABA_P13N_CEF_UNDO_COL"/>
</testsuite> <!-- com.wdabapsp.test.WD_ABA_P13N_CEF_UNDO_COL -->
